<?xml version="1.0" encoding="UTF-8"?>
<testsuite xmlns:xsi="http://www.w3.org/2001/XMLSchema-instance" xsi:noNamespaceSchemaLocation="https://maven.apache.org/surefire/maven-surefire-plugin/xsd/surefire-test-report.xsd" name="data.VideoTest" time="0.67" tests="33" errors="0" skipped="0" failures="0">
  <properties>
    <property name="sun.desktop" value="windows"/>
    <property name="awt.toolkit" value="sun.awt.windows.WToolkit"/>
    <property name="java.specification.version" value="12"/>
    <property name="sun.cpu.isalist" value="amd64"/>
    <property name="sun.jnu.encoding" value="Cp1252"/>
    <property name="java.class.path" value="C:\Users\steph\Desktop\Depaul\SE 333 Software Testing\Shop\Project\target\test-classes;C:\Users\steph\Desktop\Depaul\SE 333 Software Testing\Shop\Project\target\classes;C:\Users\steph\.m2\repository\org\junit\jupiter\junit-jupiter-api\5.6.1\junit-jupiter-api-5.6.1.jar;C:\Users\steph\.m2\repository\org\apiguardian\apiguardian-api\1.1.0\apiguardian-api-1.1.0.jar;C:\Users\steph\.m2\repository\org\opentest4j\opentest4j\1.2.0\opentest4j-1.2.0.jar;C:\Users\steph\.m2\repository\org\junit\platform\junit-platform-commons\1.6.1\junit-platform-commons-1.6.1.jar;C:\Users\steph\.m2\repository\org\junit\jupiter\junit-jupiter-engine\5.6.1\junit-jupiter-engine-5.6.1.jar;C:\Users\steph\.m2\repository\org\junit\platform\junit-platform-engine\1.6.1\junit-platform-engine-1.6.1.jar;C:\Users\steph\.m2\repository\org\junit\vintage\junit-vintage-engine\5.6.1\junit-vintage-engine-5.6.1.jar;C:\Users\steph\.m2\repository\org\junit\jupiter\junit-jupiter-params\5.6.1\junit-jupiter-params-5.6.1.jar;C:\Users\steph\.m2\repository\org\junit\platform\junit-platform-launcher\1.6.1\junit-platform-launcher-1.6.1.jar;C:\Users\steph\.m2\repository\org\junit\platform\junit-platform-runner\1.6.1\junit-platform-runner-1.6.1.jar;C:\Users\steph\.m2\repository\org\junit\platform\junit-platform-suite-api\1.6.1\junit-platform-suite-api-1.6.1.jar;C:\Users\steph\.m2\repository\junit\junit\4.12\junit-4.12.jar;C:\Users\steph\.m2\repository\org\hamcrest\hamcrest-core\1.3\hamcrest-core-1.3.jar;"/>
    <property name="java.vm.vendor" value="Oracle Corporation"/>
    <property name="sun.arch.data.model" value="64"/>
    <property name="user.variant" value=""/>
    <property name="java.vendor.url" value="https://java.oracle.com/"/>
    <property name="user.timezone" value="America/Chicago"/>
    <property name="os.name" value="Windows 10"/>
    <property name="java.vm.specification.version" value="12"/>
    <property name="sun.java.launcher" value="SUN_STANDARD"/>
    <property name="user.country" value="US"/>
    <property name="sun.boot.library.path" value="C:\Program Files\Java\jdk-12.0.2\bin"/>
    <property name="sun.java.command" value="C:\Users\steph\AppData\Local\Temp\surefire16234856243797103420\surefirebooter8968035135843842986.jar C:\Users\steph\AppData\Local\Temp\surefire16234856243797103420 2020-05-16T20-28-12_200-jvmRun1 surefire1842518177872671611tmp surefire_014683713903055968426tmp"/>
    <property name="jdk.debug" value="release"/>
    <property name="surefire.test.class.path" value="C:\Users\steph\Desktop\Depaul\SE 333 Software Testing\Shop\Project\target\test-classes;C:\Users\steph\Desktop\Depaul\SE 333 Software Testing\Shop\Project\target\classes;C:\Users\steph\.m2\repository\org\junit\jupiter\junit-jupiter-api\5.6.1\junit-jupiter-api-5.6.1.jar;C:\Users\steph\.m2\repository\org\apiguardian\apiguardian-api\1.1.0\apiguardian-api-1.1.0.jar;C:\Users\steph\.m2\repository\org\opentest4j\opentest4j\1.2.0\opentest4j-1.2.0.jar;C:\Users\steph\.m2\repository\org\junit\platform\junit-platform-commons\1.6.1\junit-platform-commons-1.6.1.jar;C:\Users\steph\.m2\repository\org\junit\jupiter\junit-jupiter-engine\5.6.1\junit-jupiter-engine-5.6.1.jar;C:\Users\steph\.m2\repository\org\junit\platform\junit-platform-engine\1.6.1\junit-platform-engine-1.6.1.jar;C:\Users\steph\.m2\repository\org\junit\vintage\junit-vintage-engine\5.6.1\junit-vintage-engine-5.6.1.jar;C:\Users\steph\.m2\repository\org\junit\jupiter\junit-jupiter-params\5.6.1\junit-jupiter-params-5.6.1.jar;C:\Users\steph\.m2\repository\org\junit\platform\junit-platform-launcher\1.6.1\junit-platform-launcher-1.6.1.jar;C:\Users\steph\.m2\repository\org\junit\platform\junit-platform-runner\1.6.1\junit-platform-runner-1.6.1.jar;C:\Users\steph\.m2\repository\org\junit\platform\junit-platform-suite-api\1.6.1\junit-platform-suite-api-1.6.1.jar;C:\Users\steph\.m2\repository\junit\junit\4.12\junit-4.12.jar;C:\Users\steph\.m2\repository\org\hamcrest\hamcrest-core\1.3\hamcrest-core-1.3.jar;"/>
    <property name="sun.cpu.endian" value="little"/>
    <property name="user.home" value="C:\Users\steph"/>
    <property name="user.language" value="en"/>
    <property name="java.specification.vendor" value="Oracle Corporation"/>
    <property name="java.version.date" value="2019-07-16"/>
    <property name="java.home" value="C:\Program Files\Java\jdk-12.0.2"/>
    <property name="file.separator" value="\"/>
    <property name="basedir" value="C:\Users\steph\Desktop\Depaul\SE 333 Software Testing\Shop\Project"/>
    <property name="java.vm.compressedOopsMode" value="32-bit"/>
    <property name="line.separator" value="&#10;"/>
    <property name="java.vm.specification.vendor" value="Oracle Corporation"/>
    <property name="java.specification.name" value="Java Platform API Specification"/>
    <property name="java.awt.graphicsenv" value="sun.awt.Win32GraphicsEnvironment"/>
    <property name="idea.version2020.1.1" value="true"/>
    <property name="surefire.real.class.path" value="C:\Users\steph\AppData\Local\Temp\surefire16234856243797103420\surefirebooter8968035135843842986.jar"/>
    <property name="user.script" value=""/>
    <property name="sun.management.compiler" value="HotSpot 64-Bit Tiered Compilers"/>
    <property name="java.runtime.version" value="12.0.2+10"/>
    <property name="user.name" value="steph"/>
    <property name="path.separator" value=";"/>
    <property name="os.version" value="10.0"/>
    <property name="java.runtime.name" value="Java(TM) SE Runtime Environment"/>
    <property name="file.encoding" value="Cp1252"/>
    <property name="java.vm.name" value="Java HotSpot(TM) 64-Bit Server VM"/>
    <property name="localRepository" value="C:\Users\steph\.m2\repository"/>
    <property name="java.vendor.url.bug" value="https://bugreport.java.com/bugreport/"/>
    <property name="java.io.tmpdir" value="C:\Users\steph\AppData\Local\Temp\"/>
    <property name="java.version" value="12.0.2"/>
    <property name="user.dir" value="C:\Users\steph\Desktop\Depaul\SE 333 Software Testing\Shop\Project"/>
    <property name="os.arch" value="amd64"/>
    <property name="java.vm.specification.name" value="Java Virtual Machine Specification"/>
    <property name="sun.os.patch.level" value=""/>
    <property name="java.library.path" value="C:\Program Files\Java\jdk-12.0.2\bin;C:\WINDOWS\Sun\Java\bin;C:\WINDOWS\system32;C:\WINDOWS;C:\Program Files\Java\jdk-12.0.2\bin;C:\Program Files (x86)\Common Files\Oracle\Java\javapath;C:\WINDOWS\system32;C:\WINDOWS;C:\WINDOWS\System32\Wbem;C:\WINDOWS\System32\WindowsPowerShell\v1.0\;C:\WINDOWS\System32\OpenSSH\;C:\Program Files\Java\jre1.8.0_221\bin;C:\Program Files\PuTTY\;C:\Program Files\Git\cmd;C:\Program Files\nodejs\;C:\MinGW\bin\;C:\Program Files (x86)\sbt\bin;C:\Program Files\MiKTeX 2.9\miktex\bin\x64\;C:\Users\steph\AppData\Local\Microsoft\WindowsApps;C:\Users\steph\AppData\Roaming\npm;C:\Users\steph\AppData\Local\atom\bin;C:\Program Files\JetBrains\IntelliJ IDEA Community Edition 2020.1\bin;;."/>
    <property name="java.vm.info" value="mixed mode, sharing"/>
    <property name="java.vendor" value="Oracle Corporation"/>
    <property name="java.vm.version" value="12.0.2+10"/>
    <property name="sun.io.unicode.encoding" value="UnicodeLittle"/>
    <property name="java.class.version" value="56.0"/>
  </properties>
  <testcase name="compareToClassExceptionTests{VideoObj, Object}[1]" classname="data.VideoTest" time="0.35"/>
  <testcase name="equalsNullTest" classname="data.VideoTest" time="0.002"/>
  <testcase name="testTitle" classname="data.VideoTest" time="0.006"/>
  <testcase name="testYear" classname="data.VideoTest" time="0.003"/>
  <testcase name="equalsTests{VideoObj, Object, boolean}[1]" classname="data.VideoTest" time="0.001"/>
  <testcase name="equalsTests{VideoObj, Object, boolean}[2]" classname="data.VideoTest" time="0.001"/>
  <testcase name="equalsTests{VideoObj, Object, boolean}[3]" classname="data.VideoTest" time="0.001"/>
  <testcase name="equalsTests{VideoObj, Object, boolean}[4]" classname="data.VideoTest" time="0.008"/>
  <testcase name="equalsTests{VideoObj, Object, boolean}[5]" classname="data.VideoTest" time="0.001"/>
  <testcase name="minMaxYearTest{int}[1]" classname="data.VideoTest" time="0.001"/>
  <testcase name="minMaxYearTest{int}[2]" classname="data.VideoTest" time="0.002"/>
  <testcase name="invariantsTests{String, int, String}[1]" classname="data.VideoTest" time="0.003"/>
  <testcase name="invariantsTests{String, int, String}[2]" classname="data.VideoTest" time="0.002"/>
  <testcase name="invariantsTests{String, int, String}[3]" classname="data.VideoTest" time="0.001"/>
  <testcase name="invariantsTests{String, int, String}[4]" classname="data.VideoTest" time="0.001"/>
  <testcase name="invariantsTests{String, int, String}[5]" classname="data.VideoTest" time="0.001"/>
  <testcase name="invariantsTests{String, int, String}[6]" classname="data.VideoTest" time="0.001"/>
  <testcase name="invariantsTests{String, int, String}[7]" classname="data.VideoTest" time="0.001"/>
  <testcase name="invariantsTests{String, int, String}[8]" classname="data.VideoTest" time="0.001"/>
  <testcase name="toStringTest{String, int, String, String}[1]" classname="data.VideoTest" time="0"/>
  <testcase name="toStringTest{String, int, String, String}[2]" classname="data.VideoTest" time="0.001"/>
  <testcase name="testDirector" classname="data.VideoTest" time="0.001"/>
  <testcase name="compareToNullExceptionTests{VideoObj, VideoObj}[1]" classname="data.VideoTest" time="0.002"/>
  <testcase name="compareToNullExceptionTests{VideoObj, VideoObj}[2]" classname="data.VideoTest" time="0.001"/>
  <testcase name="compareToAttributeTests{VideoObj, VideoObj, int}[1]" classname="data.VideoTest" time="0.002"/>
  <testcase name="compareToAttributeTests{VideoObj, VideoObj, int}[2]" classname="data.VideoTest" time="0.001"/>
  <testcase name="compareToAttributeTests{VideoObj, VideoObj, int}[3]" classname="data.VideoTest" time="0.003"/>
  <testcase name="compareToAttributeTests{VideoObj, VideoObj, int}[4]" classname="data.VideoTest" time="0.001"/>
  <testcase name="compareToAttributeTests{VideoObj, VideoObj, int}[5]" classname="data.VideoTest" time="0.001"/>
  <testcase name="compareToAttributeTests{VideoObj, VideoObj, int}[6]" classname="data.VideoTest" time="0.001"/>
  <testcase name="compareToAttributeTests{VideoObj, VideoObj, int}[7]" classname="data.VideoTest" time="0.001"/>
  <testcase name="hashCodeTest{String, int, String, int}[1]" classname="data.VideoTest" time="0.001"/>
  <testcase name="hashCodeTest{String, int, String, int}[2]" classname="data.VideoTest" time="0.002"/>
</testsuite>